{"/media/cris/308e91fb-7322-423f-8b2f-a5c290157bbe/cristiano/projetos_pessoais/takechatbot/challenge/Api/helpers/AxiosInstance.js": {"path":"/media/cris/308e91fb-7322-423f-8b2f-a5c290157bbe/cristiano/projetos_pessoais/takechatbot/challenge/Api/helpers/AxiosInstance.js","all":false,"statementMap":{"0":{"start":{"line":1,"column":0},"end":{"line":1,"column":31}},"1":{"start":{"line":2,"column":0},"end":{"line":2,"column":0}},"2":{"start":{"line":3,"column":0},"end":{"line":3,"column":38}},"3":{"start":{"line":4,"column":0},"end":{"line":4,"column":20}},"4":{"start":{"line":5,"column":0},"end":{"line":5,"column":39}},"5":{"start":{"line":6,"column":0},"end":{"line":6,"column":19}},"6":{"start":{"line":7,"column":0},"end":{"line":7,"column":16}},"7":{"start":{"line":8,"column":0},"end":{"line":8,"column":35}},"8":{"start":{"line":9,"column":0},"end":{"line":9,"column":8}},"9":{"start":{"line":10,"column":0},"end":{"line":10,"column":7}},"10":{"start":{"line":11,"column":0},"end":{"line":11,"column":3}},"11":{"start":{"line":12,"column":0},"end":{"line":12,"column":0}},"12":{"start":{"line":13,"column":0},"end":{"line":13,"column":21}},"13":{"start":{"line":14,"column":0},"end":{"line":14,"column":9}},"14":{"start":{"line":15,"column":0},"end":{"line":15,"column":54}},"15":{"start":{"line":16,"column":0},"end":{"line":16,"column":18}},"16":{"start":{"line":17,"column":0},"end":{"line":17,"column":19}},"17":{"start":{"line":18,"column":0},"end":{"line":18,"column":17}},"18":{"start":{"line":19,"column":0},"end":{"line":19,"column":5}},"19":{"start":{"line":20,"column":0},"end":{"line":20,"column":4}},"20":{"start":{"line":21,"column":0},"end":{"line":21,"column":2}}},"s":{"0":1,"1":1,"2":1,"3":1,"4":2,"5":2,"6":2,"7":2,"8":2,"9":2,"10":2,"11":1,"12":1,"13":3,"14":3,"15":3,"16":3,"17":2,"18":2,"19":3,"20":1},"branchMap":{"0":{"type":"branch","line":4,"loc":{"start":{"line":4,"column":2},"end":{"line":11,"column":3}},"locations":[{"start":{"line":4,"column":2},"end":{"line":11,"column":3}}]},"1":{"type":"branch","line":13,"loc":{"start":{"line":13,"column":2},"end":{"line":20,"column":4}},"locations":[{"start":{"line":13,"column":2},"end":{"line":20,"column":4}}]},"2":{"type":"branch","line":13,"loc":{"start":{"line":13,"column":8},"end":{"line":20,"column":4}},"locations":[{"start":{"line":13,"column":8},"end":{"line":20,"column":4}}]},"3":{"type":"branch","line":17,"loc":{"start":{"line":17,"column":6},"end":{"line":19,"column":5}},"locations":[{"start":{"line":17,"column":6},"end":{"line":19,"column":5}}]}},"b":{"0":[2],"1":[2],"2":[3],"3":[2]},"fnMap":{"0":{"name":"AxiosInstance","decl":{"start":{"line":4,"column":2},"end":{"line":11,"column":3}},"loc":{"start":{"line":4,"column":2},"end":{"line":11,"column":3}},"line":4},"1":{"name":"<instance_members_initializer>","decl":{"start":{"line":13,"column":2},"end":{"line":20,"column":4}},"loc":{"start":{"line":13,"column":2},"end":{"line":20,"column":4}},"line":13},"2":{"name":"get","decl":{"start":{"line":13,"column":8},"end":{"line":20,"column":4}},"loc":{"start":{"line":13,"column":8},"end":{"line":20,"column":4}},"line":13}},"f":{"0":2,"1":2,"2":3}}
,"/media/cris/308e91fb-7322-423f-8b2f-a5c290157bbe/cristiano/projetos_pessoais/takechatbot/challenge/Api/models/ReposModel.js": {"path":"/media/cris/308e91fb-7322-423f-8b2f-a5c290157bbe/cristiano/projetos_pessoais/takechatbot/challenge/Api/models/ReposModel.js","all":false,"statementMap":{"0":{"start":{"line":1,"column":0},"end":{"line":1,"column":35}},"1":{"start":{"line":2,"column":0},"end":{"line":2,"column":30}},"2":{"start":{"line":3,"column":0},"end":{"line":3,"column":39}},"3":{"start":{"line":4,"column":0},"end":{"line":4,"column":3}},"4":{"start":{"line":5,"column":0},"end":{"line":5,"column":0}},"5":{"start":{"line":6,"column":0},"end":{"line":6,"column":26}},"6":{"start":{"line":7,"column":0},"end":{"line":7,"column":48}},"7":{"start":{"line":8,"column":0},"end":{"line":8,"column":16}},"8":{"start":{"line":9,"column":0},"end":{"line":9,"column":4}},"9":{"start":{"line":10,"column":0},"end":{"line":10,"column":2}}},"s":{"0":1,"1":1,"2":2,"3":2,"4":1,"5":1,"6":3,"7":3,"8":3,"9":1},"branchMap":{"0":{"type":"branch","line":2,"loc":{"start":{"line":2,"column":2},"end":{"line":4,"column":3}},"locations":[{"start":{"line":2,"column":2},"end":{"line":4,"column":3}}]},"1":{"type":"branch","line":6,"loc":{"start":{"line":6,"column":2},"end":{"line":9,"column":4}},"locations":[{"start":{"line":6,"column":2},"end":{"line":9,"column":4}}]},"2":{"type":"branch","line":6,"loc":{"start":{"line":6,"column":13},"end":{"line":9,"column":4}},"locations":[{"start":{"line":6,"column":13},"end":{"line":9,"column":4}}]}},"b":{"0":[2],"1":[2],"2":[3]},"fnMap":{"0":{"name":"ReposModel","decl":{"start":{"line":2,"column":2},"end":{"line":4,"column":3}},"loc":{"start":{"line":2,"column":2},"end":{"line":4,"column":3}},"line":2},"1":{"name":"<instance_members_initializer>","decl":{"start":{"line":6,"column":2},"end":{"line":9,"column":4}},"loc":{"start":{"line":6,"column":2},"end":{"line":9,"column":4}},"line":6},"2":{"name":"getRepos","decl":{"start":{"line":6,"column":13},"end":{"line":9,"column":4}},"loc":{"start":{"line":6,"column":13},"end":{"line":9,"column":4}},"line":6}},"f":{"0":2,"1":2,"2":3}}
,"/media/cris/308e91fb-7322-423f-8b2f-a5c290157bbe/cristiano/projetos_pessoais/takechatbot/challenge/Api/services/ReposService.js": {"path":"/media/cris/308e91fb-7322-423f-8b2f-a5c290157bbe/cristiano/projetos_pessoais/takechatbot/challenge/Api/services/ReposService.js","all":false,"statementMap":{"0":{"start":{"line":1,"column":0},"end":{"line":1,"column":37}},"1":{"start":{"line":2,"column":0},"end":{"line":2,"column":22}},"2":{"start":{"line":3,"column":0},"end":{"line":3,"column":28}},"3":{"start":{"line":4,"column":0},"end":{"line":4,"column":3}},"4":{"start":{"line":5,"column":0},"end":{"line":5,"column":0}},"5":{"start":{"line":6,"column":0},"end":{"line":6,"column":26}},"6":{"start":{"line":7,"column":0},"end":{"line":7,"column":51}},"7":{"start":{"line":8,"column":0},"end":{"line":8,"column":95}},"8":{"start":{"line":9,"column":0},"end":{"line":9,"column":0}},"9":{"start":{"line":10,"column":0},"end":{"line":10,"column":85}},"10":{"start":{"line":11,"column":0},"end":{"line":11,"column":42}},"11":{"start":{"line":12,"column":0},"end":{"line":12,"column":8}},"12":{"start":{"line":13,"column":0},"end":{"line":13,"column":74}},"13":{"start":{"line":14,"column":0},"end":{"line":14,"column":14}},"14":{"start":{"line":15,"column":0},"end":{"line":15,"column":51}},"15":{"start":{"line":16,"column":0},"end":{"line":16,"column":9}},"16":{"start":{"line":17,"column":0},"end":{"line":17,"column":6}},"17":{"start":{"line":18,"column":0},"end":{"line":18,"column":23}},"18":{"start":{"line":19,"column":0},"end":{"line":19,"column":4}},"19":{"start":{"line":20,"column":0},"end":{"line":20,"column":2}}},"s":{"0":1,"1":1,"2":2,"3":2,"4":1,"5":1,"6":3,"7":3,"8":1,"9":1,"10":1,"11":1,"12":1,"13":1,"14":1,"15":1,"16":1,"17":1,"18":1,"19":1},"branchMap":{"0":{"type":"branch","line":2,"loc":{"start":{"line":2,"column":2},"end":{"line":4,"column":3}},"locations":[{"start":{"line":2,"column":2},"end":{"line":4,"column":3}}]},"1":{"type":"branch","line":6,"loc":{"start":{"line":6,"column":2},"end":{"line":19,"column":4}},"locations":[{"start":{"line":6,"column":2},"end":{"line":19,"column":4}}]},"2":{"type":"branch","line":6,"loc":{"start":{"line":6,"column":13},"end":{"line":19,"column":4}},"locations":[{"start":{"line":6,"column":13},"end":{"line":19,"column":4}}]},"3":{"type":"branch","line":8,"loc":{"start":{"line":8,"column":37},"end":{"line":8,"column":43}},"locations":[{"start":{"line":8,"column":37},"end":{"line":8,"column":43}}]},"4":{"type":"branch","line":8,"loc":{"start":{"line":8,"column":37},"end":{"line":19,"column":4}},"locations":[{"start":{"line":8,"column":37},"end":{"line":19,"column":4}}]},"5":{"type":"branch","line":10,"loc":{"start":{"line":10,"column":40},"end":{"line":10,"column":73}},"locations":[{"start":{"line":10,"column":40},"end":{"line":10,"column":73}}]},"6":{"type":"branch","line":12,"loc":{"start":{"line":12,"column":6},"end":{"line":12,"column":7}},"locations":[{"start":{"line":12,"column":6},"end":{"line":12,"column":7}}]}},"b":{"0":[2],"1":[2],"2":[3],"3":[2],"4":[1],"5":[12],"6":[5]},"fnMap":{"0":{"name":"ReposService","decl":{"start":{"line":2,"column":2},"end":{"line":4,"column":3}},"loc":{"start":{"line":2,"column":2},"end":{"line":4,"column":3}},"line":2},"1":{"name":"<instance_members_initializer>","decl":{"start":{"line":6,"column":2},"end":{"line":19,"column":4}},"loc":{"start":{"line":6,"column":2},"end":{"line":19,"column":4}},"line":6},"2":{"name":"getRepos","decl":{"start":{"line":6,"column":13},"end":{"line":19,"column":4}},"loc":{"start":{"line":6,"column":13},"end":{"line":19,"column":4}},"line":6}},"f":{"0":2,"1":2,"2":3}}
}
