TN:
SF:challenge/Api/helpers/AxiosInstance.js
FN:4,AxiosInstance
FN:13,<instance_members_initializer>
FN:13,get
FNF:3
FNH:3
FNDA:2,AxiosInstance
FNDA:2,<instance_members_initializer>
FNDA:3,get
DA:1,1
DA:2,1
DA:3,1
DA:4,1
DA:5,2
DA:6,2
DA:7,2
DA:8,2
DA:9,2
DA:10,2
DA:11,2
DA:12,1
DA:13,1
DA:14,3
DA:15,3
DA:16,3
DA:17,3
DA:18,2
DA:19,2
DA:20,3
DA:21,1
LF:21
LH:21
BRDA:4,0,0,2
BRDA:13,1,0,2
BRDA:13,2,0,3
BRDA:17,3,0,2
BRF:4
BRH:4
end_of_record
TN:
SF:challenge/Api/models/ReposModel.js
FN:2,ReposModel
FN:6,<instance_members_initializer>
FN:6,getRepos
FNF:3
FNH:3
FNDA:2,ReposModel
FNDA:2,<instance_members_initializer>
FNDA:3,getRepos
DA:1,1
DA:2,1
DA:3,2
DA:4,2
DA:5,1
DA:6,1
DA:7,3
DA:8,3
DA:9,3
DA:10,1
LF:10
LH:10
BRDA:2,0,0,2
BRDA:6,1,0,2
BRDA:6,2,0,3
BRF:3
BRH:3
end_of_record
TN:
SF:challenge/Api/services/ReposService.js
FN:2,ReposService
FN:6,<instance_members_initializer>
FN:6,getRepos
FNF:3
FNH:3
FNDA:2,ReposService
FNDA:2,<instance_members_initializer>
FNDA:3,getRepos
DA:1,1
DA:2,1
DA:3,2
DA:4,2
DA:5,1
DA:6,1
DA:7,3
DA:8,3
DA:9,1
DA:10,1
DA:11,1
DA:12,1
DA:13,1
DA:14,1
DA:15,1
DA:16,1
DA:17,1
DA:18,1
DA:19,1
DA:20,1
LF:20
LH:20
BRDA:2,0,0,2
BRDA:6,1,0,2
BRDA:6,2,0,3
BRDA:8,3,0,2
BRDA:8,4,0,1
BRDA:10,5,0,12
BRDA:12,6,0,5
BRF:7
BRH:7
end_of_record
